2024/06/08 11:05:18 [notice] 1#1: using the "epoll" event method
2024/06/08 11:05:18 [notice] 1#1: nginx/1.27.0
2024/06/08 11:05:18 [notice] 1#1: built by gcc 12.2.0 (Debian 12.2.0-14) 
2024/06/08 11:05:18 [notice] 1#1: OS: Linux 6.9.1-arch1-2
2024/06/08 11:05:18 [notice] 1#1: getrlimit(RLIMIT_NOFILE): 1073741816:1073741816
2024/06/08 11:05:18 [notice] 1#1: start worker processes
2024/06/08 11:05:18 [notice] 1#1: start worker process 20
2024/06/08 11:05:18 [notice] 1#1: start worker process 21
2024/06/08 11:05:18 [notice] 1#1: start worker process 22
2024/06/08 11:05:18 [notice] 1#1: start worker process 23
2024/06/08 11:07:22 [notice] 1#1: signal 3 (SIGQUIT) received, shutting down
2024/06/08 11:07:22 [notice] 21#21: gracefully shutting down
2024/06/08 11:07:22 [notice] 21#21: exiting
2024/06/08 11:07:22 [notice] 21#21: exit
2024/06/08 11:07:22 [notice] 20#20: gracefully shutting down
2024/06/08 11:07:22 [notice] 20#20: exiting
2024/06/08 11:07:22 [notice] 20#20: exit
2024/06/08 11:07:22 [notice] 22#22: gracefully shutting down
2024/06/08 11:07:22 [notice] 22#22: exiting
2024/06/08 11:07:22 [notice] 22#22: exit
2024/06/08 11:07:22 [notice] 23#23: gracefully shutting down
2024/06/08 11:07:22 [notice] 23#23: exiting
2024/06/08 11:07:22 [notice] 23#23: exit
2024/06/08 11:07:22 [notice] 1#1: signal 17 (SIGCHLD) received from 20
2024/06/08 11:07:22 [notice] 1#1: worker process 20 exited with code 0
2024/06/08 11:07:22 [notice] 1#1: signal 29 (SIGIO) received
2024/06/08 11:07:22 [notice] 1#1: signal 17 (SIGCHLD) received from 22
2024/06/08 11:07:22 [notice] 1#1: worker process 22 exited with code 0
2024/06/08 11:07:22 [notice] 1#1: signal 29 (SIGIO) received
2024/06/08 11:07:22 [notice] 1#1: signal 17 (SIGCHLD) received from 23
2024/06/08 11:07:22 [notice] 1#1: worker process 23 exited with code 0
2024/06/08 11:07:22 [notice] 1#1: signal 29 (SIGIO) received
2024/06/08 11:07:22 [notice] 1#1: signal 17 (SIGCHLD) received from 21
2024/06/08 11:07:22 [notice] 1#1: worker process 21 exited with code 0
2024/06/08 11:07:22 [notice] 1#1: exit
2024/06/08 11:07:31 [notice] 1#1: using the "epoll" event method
2024/06/08 11:07:31 [notice] 1#1: nginx/1.27.0
2024/06/08 11:07:31 [notice] 1#1: built by gcc 12.2.0 (Debian 12.2.0-14) 
2024/06/08 11:07:31 [notice] 1#1: OS: Linux 6.9.1-arch1-2
2024/06/08 11:07:31 [notice] 1#1: getrlimit(RLIMIT_NOFILE): 1073741816:1073741816
2024/06/08 11:07:31 [notice] 1#1: start worker processes
2024/06/08 11:07:31 [notice] 1#1: start worker process 19
2024/06/08 11:07:31 [notice] 1#1: start worker process 20
2024/06/08 11:07:31 [notice] 1#1: start worker process 21
2024/06/08 11:07:31 [notice] 1#1: start worker process 22
2024/06/08 11:08:24 [notice] 1#1: signal 3 (SIGQUIT) received, shutting down
2024/06/08 11:08:24 [notice] 20#20: gracefully shutting down
2024/06/08 11:08:24 [notice] 19#19: gracefully shutting down
2024/06/08 11:08:24 [notice] 19#19: exiting
2024/06/08 11:08:24 [notice] 20#20: exiting
2024/06/08 11:08:24 [notice] 19#19: exit
2024/06/08 11:08:24 [notice] 20#20: exit
2024/06/08 11:08:24 [notice] 22#22: gracefully shutting down
2024/06/08 11:08:24 [notice] 22#22: exiting
2024/06/08 11:08:24 [notice] 22#22: exit
2024/06/08 11:08:24 [notice] 21#21: gracefully shutting down
2024/06/08 11:08:24 [notice] 21#21: exiting
2024/06/08 11:08:24 [notice] 21#21: exit
2024/06/08 11:08:24 [notice] 1#1: signal 17 (SIGCHLD) received from 19
2024/06/08 11:08:24 [notice] 1#1: worker process 19 exited with code 0
2024/06/08 11:08:24 [notice] 1#1: worker process 20 exited with code 0
2024/06/08 11:08:24 [notice] 1#1: signal 29 (SIGIO) received
2024/06/08 11:08:24 [notice] 1#1: signal 17 (SIGCHLD) received from 21
2024/06/08 11:08:24 [notice] 1#1: worker process 21 exited with code 0
2024/06/08 11:08:24 [notice] 1#1: signal 17 (SIGCHLD) received from 22
2024/06/08 11:08:24 [notice] 1#1: worker process 22 exited with code 0
2024/06/08 11:08:24 [notice] 1#1: exit
2024/06/08 11:08:25 [notice] 1#1: using the "epoll" event method
2024/06/08 11:08:25 [notice] 1#1: nginx/1.27.0
2024/06/08 11:08:25 [notice] 1#1: built by gcc 12.2.0 (Debian 12.2.0-14) 
2024/06/08 11:08:25 [notice] 1#1: OS: Linux 6.9.1-arch1-2
2024/06/08 11:08:25 [notice] 1#1: getrlimit(RLIMIT_NOFILE): 1073741816:1073741816
2024/06/08 11:08:25 [notice] 1#1: start worker processes
2024/06/08 11:08:25 [notice] 1#1: start worker process 20
2024/06/08 11:08:25 [notice] 1#1: start worker process 21
2024/06/08 11:08:25 [notice] 1#1: start worker process 22
2024/06/08 11:08:25 [notice] 1#1: start worker process 23
2024/06/08 11:09:40 [notice] 1#1: signal 3 (SIGQUIT) received, shutting down
2024/06/08 11:09:40 [notice] 20#20: gracefully shutting down
2024/06/08 11:09:40 [notice] 21#21: gracefully shutting down
2024/06/08 11:09:40 [notice] 22#22: gracefully shutting down
2024/06/08 11:09:40 [notice] 21#21: exiting
2024/06/08 11:09:40 [notice] 22#22: exiting
2024/06/08 11:09:40 [notice] 20#20: exiting
2024/06/08 11:09:40 [notice] 22#22: exit
2024/06/08 11:09:40 [notice] 21#21: exit
2024/06/08 11:09:40 [notice] 20#20: exit
2024/06/08 11:09:40 [notice] 23#23: gracefully shutting down
2024/06/08 11:09:40 [notice] 23#23: exiting
2024/06/08 11:09:40 [notice] 23#23: exit
2024/06/08 11:09:40 [notice] 1#1: signal 17 (SIGCHLD) received from 22
2024/06/08 11:09:40 [notice] 1#1: worker process 22 exited with code 0
2024/06/08 11:09:40 [notice] 1#1: signal 29 (SIGIO) received
2024/06/08 11:09:40 [notice] 1#1: signal 17 (SIGCHLD) received from 21
2024/06/08 11:09:40 [notice] 1#1: worker process 21 exited with code 0
2024/06/08 11:09:40 [notice] 1#1: signal 29 (SIGIO) received
2024/06/08 11:09:40 [notice] 1#1: signal 17 (SIGCHLD) received from 23
2024/06/08 11:09:40 [notice] 1#1: worker process 20 exited with code 0
2024/06/08 11:09:40 [notice] 1#1: worker process 23 exited with code 0
2024/06/08 11:09:40 [notice] 1#1: exit
2024/06/08 11:09:40 [notice] 1#1: using the "epoll" event method
2024/06/08 11:09:40 [notice] 1#1: nginx/1.27.0
2024/06/08 11:09:40 [notice] 1#1: built by gcc 12.2.0 (Debian 12.2.0-14) 
2024/06/08 11:09:40 [notice] 1#1: OS: Linux 6.9.1-arch1-2
2024/06/08 11:09:40 [notice] 1#1: getrlimit(RLIMIT_NOFILE): 1073741816:1073741816
2024/06/08 11:09:40 [notice] 1#1: start worker processes
2024/06/08 11:09:40 [notice] 1#1: start worker process 20
2024/06/08 11:09:40 [notice] 1#1: start worker process 21
2024/06/08 11:09:40 [notice] 1#1: start worker process 22
2024/06/08 11:09:40 [notice] 1#1: start worker process 23
2024/06/08 11:09:47 [notice] 1#1: signal 3 (SIGQUIT) received, shutting down
2024/06/08 11:09:47 [notice] 21#21: gracefully shutting down
2024/06/08 11:09:47 [notice] 21#21: exiting
2024/06/08 11:09:47 [notice] 22#22: gracefully shutting down
2024/06/08 11:09:47 [notice] 22#22: exiting
2024/06/08 11:09:47 [notice] 21#21: exit
2024/06/08 11:09:47 [notice] 22#22: exit
2024/06/08 11:09:47 [notice] 20#20: gracefully shutting down
2024/06/08 11:09:47 [notice] 20#20: exiting
2024/06/08 11:09:47 [notice] 20#20: exit
2024/06/08 11:09:47 [notice] 23#23: gracefully shutting down
2024/06/08 11:09:47 [notice] 23#23: exiting
2024/06/08 11:09:47 [notice] 23#23: exit
2024/06/08 11:09:47 [notice] 1#1: signal 17 (SIGCHLD) received from 22
2024/06/08 11:09:47 [notice] 1#1: worker process 22 exited with code 0
2024/06/08 11:09:47 [notice] 1#1: signal 29 (SIGIO) received
2024/06/08 11:09:47 [notice] 1#1: signal 17 (SIGCHLD) received from 21
2024/06/08 11:09:47 [notice] 1#1: worker process 20 exited with code 0
2024/06/08 11:09:47 [notice] 1#1: worker process 21 exited with code 0
2024/06/08 11:09:47 [notice] 1#1: signal 29 (SIGIO) received
2024/06/08 11:09:47 [notice] 1#1: signal 17 (SIGCHLD) received from 20
2024/06/08 11:09:47 [notice] 1#1: signal 17 (SIGCHLD) received from 23
2024/06/08 11:09:47 [notice] 1#1: worker process 23 exited with code 0
2024/06/08 11:09:47 [notice] 1#1: exit
2024/06/08 11:09:55 [notice] 1#1: using the "epoll" event method
2024/06/08 11:09:55 [notice] 1#1: nginx/1.27.0
2024/06/08 11:09:55 [notice] 1#1: built by gcc 12.2.0 (Debian 12.2.0-14) 
2024/06/08 11:09:55 [notice] 1#1: OS: Linux 6.9.1-arch1-2
2024/06/08 11:09:55 [notice] 1#1: getrlimit(RLIMIT_NOFILE): 1073741816:1073741816
2024/06/08 11:09:55 [notice] 1#1: start worker processes
2024/06/08 11:09:55 [notice] 1#1: start worker process 19
2024/06/08 11:09:55 [notice] 1#1: start worker process 20
2024/06/08 11:09:55 [notice] 1#1: start worker process 21
2024/06/08 11:09:55 [notice] 1#1: start worker process 22
2024/06/08 11:25:23 [notice] 1#1: signal 3 (SIGQUIT) received, shutting down
2024/06/08 11:25:23 [notice] 19#19: gracefully shutting down
2024/06/08 11:25:23 [notice] 19#19: exiting
2024/06/08 11:25:23 [notice] 19#19: exit
2024/06/08 11:25:23 [notice] 22#22: gracefully shutting down
2024/06/08 11:25:23 [notice] 22#22: exiting
2024/06/08 11:25:23 [notice] 21#21: gracefully shutting down
2024/06/08 11:25:23 [notice] 22#22: exit
2024/06/08 11:25:23 [notice] 21#21: exiting
2024/06/08 11:25:23 [notice] 21#21: exit
2024/06/08 11:25:23 [notice] 20#20: gracefully shutting down
2024/06/08 11:25:23 [notice] 20#20: exiting
2024/06/08 11:25:23 [notice] 20#20: exit
2024/06/08 11:25:23 [notice] 1#1: signal 17 (SIGCHLD) received from 20
2024/06/08 11:25:23 [notice] 1#1: worker process 19 exited with code 0
2024/06/08 11:25:23 [notice] 1#1: worker process 20 exited with code 0
2024/06/08 11:25:23 [notice] 1#1: worker process 22 exited with code 0
2024/06/08 11:25:23 [notice] 1#1: signal 29 (SIGIO) received
2024/06/08 11:25:23 [notice] 1#1: signal 17 (SIGCHLD) received from 19
2024/06/08 11:25:23 [notice] 1#1: signal 17 (SIGCHLD) received from 21
2024/06/08 11:25:23 [notice] 1#1: worker process 21 exited with code 0
2024/06/08 11:25:23 [notice] 1#1: exit
